TN:
SF:src\manager\keypad\KeypadManager.js
FN:2,KeypadManager
FN:6,registerKey
FN:13,pressKey
FN:18,isValidKey
FN:24,isActionAFunction
FN:30,isDuplicatedKey
FNF:6
FNH:6
FNDA:6,KeypadManager
FNDA:17,registerKey
FNDA:1,pressKey
FNDA:17,isValidKey
FNDA:9,isActionAFunction
FNDA:4,isDuplicatedKey
DA:1,1
DA:2,1
DA:3,6
DA:4,6
DA:5,1
DA:6,1
DA:7,17
DA:8,17
DA:9,17
DA:10,17
DA:11,17
DA:12,1
DA:13,1
DA:14,1
DA:15,1
DA:16,1
DA:17,1
DA:18,1
DA:19,17
DA:20,8
DA:21,8
DA:22,17
DA:23,1
DA:24,1
DA:25,9
DA:26,5
DA:27,5
DA:28,9
DA:29,1
DA:30,1
DA:31,4
DA:32,1
DA:33,1
DA:34,4
DA:35,1
DA:36,1
DA:37,1
LF:37
LH:37
BRDA:2,0,0,6
BRDA:6,1,0,17
BRDA:13,2,0,1
BRDA:18,3,0,17
BRDA:19,4,0,12
BRDA:19,5,0,11
BRDA:19,6,0,8
BRDA:24,7,0,9
BRDA:25,8,0,5
BRDA:30,9,0,4
BRDA:31,10,0,1
BRF:11
BRH:11
end_of_record
